c:\users\berkan\documents\vısual studıo 2015\projects\opencv-projects\toolbox\toolbox\debug\vc140.pdb
c:\users\berkan\documents\vısual studıo 2015\projects\opencv-projects\toolbox\toolbox\debug\myform.obj
c:\users\berkan\documents\vısual studıo 2015\projects\opencv-projects\toolbox\toolbox\debug\.netframework,versıon=v4.5.2.assemblyattrıbutes.obj
c:\users\berkan\documents\vısual studıo 2015\projects\opencv-projects\toolbox\toolbox\debug\.netframework,versıon=v4.5.2.assemblyattrıbutes.asm
c:\users\berkan\documents\vısual studıo 2015\projects\opencv-projects\toolbox\debug\toolbox.exe
c:\users\berkan\documents\vısual studıo 2015\projects\opencv-projects\toolbox\debug\toolbox.pdb
c:\users\berkan\documents\vısual studıo 2015\projects\opencv-projects\toolbox\toolbox\debug\toolbox.tlog\metagen.wrıte.1.tlog
c:\users\berkan\documents\visual studio 2015\projects\opencv-projects\toolbox\toolbox\debug\toolbox.vcxprojresolveassemblyreference.cache
c:\users\berkan\documents\visual studio 2015\projects\opencv-projects\toolbox\toolbox\debug\.netframework,version=v4.5.2.assemblyattributes.obj
c:\users\berkan\documents\visual studio 2015\projects\opencv-projects\toolbox\toolbox\debug\myform.obj
c:\users\berkan\documents\visual studio 2015\projects\opencv-projects\toolbox\toolbox\debug\vc140.pdb
c:\users\berkan\documents\visual studio 2015\projects\opencv-projects\toolbox\debug\toolbox.pdb
c:\users\berkan\documents\visual studio 2015\projects\opencv-projects\toolbox\debug\toolbox.exe
c:\users\berkan\documents\visual studio 2015\projects\opencv-projects\toolbox\toolbox\debug\toolbox.tlog\cl.command.1.tlog
c:\users\berkan\documents\visual studio 2015\projects\opencv-projects\toolbox\toolbox\debug\toolbox.tlog\cl.read.1.tlog
c:\users\berkan\documents\visual studio 2015\projects\opencv-projects\toolbox\toolbox\debug\toolbox.tlog\cl.write.1.tlog
c:\users\berkan\documents\visual studio 2015\projects\opencv-projects\toolbox\toolbox\debug\toolbox.tlog\link.command.1.tlog
c:\users\berkan\documents\visual studio 2015\projects\opencv-projects\toolbox\toolbox\debug\toolbox.tlog\link.read.1.tlog
c:\users\berkan\documents\visual studio 2015\projects\opencv-projects\toolbox\toolbox\debug\toolbox.tlog\link.write.1.tlog
c:\users\berkan\documents\visual studio 2015\projects\opencv-projects\toolbox\toolbox\debug\toolbox.tlog\metagen.read.1.tlog
c:\users\berkan\documents\visual studio 2015\projects\opencv-projects\toolbox\toolbox\debug\toolbox.tlog\metagen.write.1.tlog
c:\users\berkan\documents\visual studio 2015\projects\opencv-projects\toolbox\toolbox\debug\toolbox.tlog\mscorlıb.dll.metagen
c:\users\berkan\documents\visual studio 2015\projects\opencv-projects\toolbox\toolbox\debug\toolbox.tlog\system.data.dll.metagen
c:\users\berkan\documents\visual studio 2015\projects\opencv-projects\toolbox\toolbox\debug\toolbox.tlog\system.dll.metagen
c:\users\berkan\documents\visual studio 2015\projects\opencv-projects\toolbox\toolbox\debug\toolbox.tlog\system.drawıng.dll.metagen
c:\users\berkan\documents\visual studio 2015\projects\opencv-projects\toolbox\toolbox\debug\toolbox.tlog\system.wındows.forms.dll.metagen
c:\users\berkan\documents\visual studio 2015\projects\opencv-projects\toolbox\toolbox\debug\toolbox.tlog\system.xml.dll.metagen
c:\users\berkan\documents\visual studio 2015\projects\opencv-projects\toolbox\toolbox\debug\toolbox.tlog\clr.dll.bi
c:\users\berkan\documents\visual studio 2015\projects\opencv-projects\toolbox\toolbox\debug\toolbox.tlog\cluı.dll.bi
c:\users\berkan\documents\visual studio 2015\projects\opencv-projects\toolbox\toolbox\debug\toolbox.tlog\mscorwks.dll.bi
c:\users\berkan\documents\visual studio 2015\projects\opencv-projects\toolbox\toolbox\debug\toolbox.tlog\tzres.dll.bi
